build/app/outputs/logs/manifest-merger-release-report.txt
-- Merging decision tree log ---
manifest
ADDED from src/main/AndroidManifest.xml:1:1-59:12
INJECTED from src/main/AndroidManifest.xml:1:1-59:12
INJECTED from src/main/AndroidManifest.xml:1:1-59:12
INJECTED from src/main/AndroidManifest.xml:1:1-59:12
MERGED from [:video_player] AndroidManifest.xml:2:1-7:12
MERGED from [:fluttertoast] AndroidManifest.xml:2:1-7:12
MERGED from [:flutter_wechat] AndroidManifest.xml:2:1-7:12
MERGED from [:path_provider] AndroidManifest.xml:2:1-7:12
MERGED from [:fluwx] AndroidManifest.xml:2:1-53:12
MERGED from [:shared_preferences] AndroidManifest.xml:2:1-7:12
MERGED from [:image_picker] AndroidManifest.xml:2:1-23:12
MERGED from [:share] AndroidManifest.xml:2:1-7:12
MERGED from [:barcode_scan] AndroidManifest.xml:2:1-15:12
MERGED from [com.google.android.exoplayer:exoplayer-hls:2.8.0] AndroidManifest.xml:17:1-24:12
MERGED from [com.google.android.exoplayer:exoplayer-dash:2.8.0] AndroidManifest.xml:17:1-24:12
MERGED from [com.google.android.exoplayer:exoplayer-smoothstreaming:2.8.0] AndroidManifest.xml:17:1-24:12
MERGED from [com.google.android.exoplayer:exoplayer-core:2.8.0] AndroidManifest.xml:17:1-26:12
MERGED from [top.zibin:Luban:1.1.8] AndroidManifest.xml:2:1-11:12
MERGED from [com.android.support:design:27.1.1] AndroidManifest.xml:17:1-22:12
MERGED from [me.dm7.barcodescanner:zxing:1.9.8] AndroidManifest.xml:2:1-13:12
MERGED from [me.dm7.barcodescanner:core:1.9.8] AndroidManifest.xml:2:1-13:12
MERGED from [com.android.support:support-v4:27.1.1] AndroidManifest.xml:17:1-22:12
MERGED from [com.android.support:appcompat-v7:27.1.1] AndroidManifest.xml:17:1-22:12
MERGED from [com.android.support:support-fragment:27.1.1] AndroidManifest.xml:17:1-22:12
MERGED from [com.android.support:recyclerview-v7:27.1.1] AndroidManifest.xml:17:1-22:12
MERGED from [com.android.support:animated-vector-drawable:27.1.1] AndroidManifest.xml:17:1-22:12
MERGED from [com.android.support:support-core-ui:27.1.1] AndroidManifest.xml:17:1-22:12
MERGED from [com.android.support:support-core-utils:27.1.1] AndroidManifest.xml:17:1-22:12
MERGED from [com.android.support:transition:27.1.1] AndroidManifest.xml:17:1-22:12
MERGED from [com.android.support:support-vector-drawable:27.1.1] AndroidManifest.xml:17:1-22:12
MERGED from [com.android.support:support-media-compat:27.1.1] AndroidManifest.xml:17:1-22:12
MERGED from [com.android.support:support-compat:27.1.1] AndroidManifest.xml:17:1-22:12
MERGED from [android.arch.lifecycle:runtime:1.1.0] AndroidManifest.xml:17:1-22:12
MERGED from [android.arch.lifecycle:livedata-core:1.1.0] AndroidManifest.xml:17:1-22:12
MERGED from [android.arch.lifecycle:viewmodel:1.1.0] AndroidManifest.xml:17:1-22:12
MERGED from [android.arch.core:runtime:1.1.0] AndroidManifest.xml:17:1-22:12
INJECTED from src/main/AndroidManifest.xml:1:1-59:12
INJECTED from src/main/AndroidManifest.xml:1:1-59:12
INJECTED from src/main/AndroidManifest.xml:1:1-59:12
	package
		ADDED from src/main/AndroidManifest.xml:2:11-34
		INJECTED from src/main/AndroidManifest.xml
		INJECTED from src/main/AndroidManifest.xml
	android:versionName
		INJECTED from src/main/AndroidManifest.xml
		ADDED from src/main/AndroidManifest.xml:1:1-59:12
		INJECTED from src/main/AndroidManifest.xml
	android:versionCode
		INJECTED from src/main/AndroidManifest.xml
		ADDED from src/main/AndroidManifest.xml:1:1-59:12
		INJECTED from src/main/AndroidManifest.xml
	xmlns:android
		ADDED from src/main/AndroidManifest.xml:1:11-69
uses-permission#android.permission.INTERNET
ADDED from src/main/AndroidManifest.xml:8:5-66
MERGED from [:fluwx] AndroidManifest.xml:7:5-67
MERGED from [:fluwx] AndroidManifest.xml:7:5-67
	android:name
		ADDED from src/main/AndroidManifest.xml:8:22-64
uses-permission#android.permission.CAMERA
ADDED from src/main/AndroidManifest.xml:9:5-65
MERGED from [:image_picker] AndroidManifest.xml:9:5-65
MERGED from [:image_picker] AndroidManifest.xml:9:5-65
	android:name
		ADDED from src/main/AndroidManifest.xml:9:22-62
uses-permission#android.permission.ACCESS_FINE_LOCATION
ADDED from src/main/AndroidManifest.xml:10:5-78
	android:name
		ADDED from src/main/AndroidManifest.xml:10:22-76
uses-permission#android.permission.ACCESS_COARSE_LOCATION
ADDED from src/main/AndroidManifest.xml:11:5-80
	android:name
		ADDED from src/main/AndroidManifest.xml:11:22-78
uses-permission#android.permission.ACCESS_NETWORK_STATE
ADDED from src/main/AndroidManifest.xml:13:5-79
MERGED from [:fluwx] AndroidManifest.xml:8:5-79
MERGED from [:fluwx] AndroidManifest.xml:8:5-79
MERGED from [com.google.android.exoplayer:exoplayer-core:2.8.0] AndroidManifest.xml:24:5-79
MERGED from [com.google.android.exoplayer:exoplayer-core:2.8.0] AndroidManifest.xml:24:5-79
	android:name
		ADDED from src/main/AndroidManifest.xml:13:22-76
uses-permission#android.permission.ACCESS_WIFI_STATE
ADDED from src/main/AndroidManifest.xml:14:5-76
MERGED from [:fluwx] AndroidManifest.xml:9:5-76
MERGED from [:fluwx] AndroidManifest.xml:9:5-76
	android:name
		ADDED from src/main/AndroidManifest.xml:14:22-73
uses-permission#android.permission.READ_PHONE_STATE
ADDED from src/main/AndroidManifest.xml:15:5-75
	android:name
		ADDED from src/main/AndroidManifest.xml:15:22-72
uses-permission#android.permission.WRITE_EXTERNAL_STORAGE
ADDED from src/main/AndroidManifest.xml:16:5-81
MERGED from [:image_picker] AndroidManifest.xml:8:5-81
MERGED from [:image_picker] AndroidManifest.xml:8:5-81
	android:name
		ADDED from src/main/AndroidManifest.xml:16:22-78
uses-permission#android.permission.WRITE_SETTINGS
ADDED from src/main/AndroidManifest.xml:17:5-73
	android:name
		ADDED from src/main/AndroidManifest.xml:17:22-70
application
ADDED from src/main/AndroidManifest.xml:24:5-58:19
MERGED from [:fluwx] AndroidManifest.xml:11:5-51:19
MERGED from [:fluwx] AndroidManifest.xml:11:5-51:19
MERGED from [:image_picker] AndroidManifest.xml:11:5-21:19
MERGED from [:image_picker] AndroidManifest.xml:11:5-21:19
MERGED from [:barcode_scan] AndroidManifest.xml:11:5-13:19
MERGED from [:barcode_scan] AndroidManifest.xml:11:5-13:19
MERGED from [me.dm7.barcodescanner:zxing:1.9.8] AndroidManifest.xml:11:5-20
MERGED from [me.dm7.barcodescanner:zxing:1.9.8] AndroidManifest.xml:11:5-20
MERGED from [me.dm7.barcodescanner:core:1.9.8] AndroidManifest.xml:11:5-20
MERGED from [me.dm7.barcodescanner:core:1.9.8] AndroidManifest.xml:11:5-20
	android:label
		ADDED from src/main/AndroidManifest.xml:26:13-35
	android:icon
		ADDED from src/main/AndroidManifest.xml:27:13-47
	android:name
		ADDED from src/main/AndroidManifest.xml:25:13-61
activity#com.tfshopapp.MainActivity
ADDED from src/main/AndroidManifest.xml:28:9-47:20
	android:launchMode
		ADDED from src/main/AndroidManifest.xml:30:17-47
	android:hardwareAccelerated
		ADDED from src/main/AndroidManifest.xml:33:17-51
	android:windowSoftInputMode
		ADDED from src/main/AndroidManifest.xml:34:17-59
	android:configChanges
		ADDED from src/main/AndroidManifest.xml:32:17-141
	android:theme
		ADDED from src/main/AndroidManifest.xml:31:17-51
	android:name
		ADDED from src/main/AndroidManifest.xml:29:17-45
meta-data#io.flutter.app.android.SplashScreenUntilFirstFrame
ADDED from src/main/AndroidManifest.xml:39:13-41:43
	android:value
		ADDED from src/main/AndroidManifest.xml:41:21-41
	android:name
		ADDED from src/main/AndroidManifest.xml:40:21-86
intent-filter#action:name:android.intent.action.MAIN+category:name:android.intent.category.LAUNCHER
ADDED from src/main/AndroidManifest.xml:43:13-46:29
action#android.intent.action.MAIN
ADDED from src/main/AndroidManifest.xml:44:17-68
	android:name
		ADDED from src/main/AndroidManifest.xml:44:25-66
category#android.intent.category.LAUNCHER
ADDED from src/main/AndroidManifest.xml:45:17-76
	android:name
		ADDED from src/main/AndroidManifest.xml:45:27-74
activity#com.apptreesoftware.barcodescan.BarcodeScannerActivity
ADDED from src/main/AndroidManifest.xml:48:9-90
MERGED from [:barcode_scan] AndroidManifest.xml:12:9-91
MERGED from [:barcode_scan] AndroidManifest.xml:12:9-91
	android:name
		ADDED from src/main/AndroidManifest.xml:48:19-88
uses-sdk
INJECTED from src/main/AndroidManifest.xml reason: use-sdk injection requested
INJECTED from src/main/AndroidManifest.xml
INJECTED from src/main/AndroidManifest.xml
MERGED from [:video_player] AndroidManifest.xml:5:5-44
MERGED from [:video_player] AndroidManifest.xml:5:5-44
MERGED from [:fluttertoast] AndroidManifest.xml:5:5-44
MERGED from [:fluttertoast] AndroidManifest.xml:5:5-44
MERGED from [:flutter_wechat] AndroidManifest.xml:5:5-44
MERGED from [:flutter_wechat] AndroidManifest.xml:5:5-44
MERGED from [:path_provider] AndroidManifest.xml:5:5-44
MERGED from [:path_provider] AndroidManifest.xml:5:5-44
MERGED from [:fluwx] AndroidManifest.xml:5:5-44
MERGED from [:fluwx] AndroidManifest.xml:5:5-44
MERGED from [:shared_preferences] AndroidManifest.xml:5:5-44
MERGED from [:shared_preferences] AndroidManifest.xml:5:5-44
MERGED from [:image_picker] AndroidManifest.xml:5:5-44
MERGED from [:image_picker] AndroidManifest.xml:5:5-44
MERGED from [:share] AndroidManifest.xml:5:5-44
MERGED from [:share] AndroidManifest.xml:5:5-44
MERGED from [:barcode_scan] AndroidManifest.xml:7:5-9:41
MERGED from [:barcode_scan] AndroidManifest.xml:7:5-9:41
MERGED from [com.google.android.exoplayer:exoplayer-hls:2.8.0] AndroidManifest.xml:20:5-22:41
MERGED from [com.google.android.exoplayer:exoplayer-hls:2.8.0] AndroidManifest.xml:20:5-22:41
MERGED from [com.google.android.exoplayer:exoplayer-dash:2.8.0] AndroidManifest.xml:20:5-22:41
MERGED from [com.google.android.exoplayer:exoplayer-dash:2.8.0] AndroidManifest.xml:20:5-22:41
MERGED from [com.google.android.exoplayer:exoplayer-smoothstreaming:2.8.0] AndroidManifest.xml:20:5-22:41
MERGED from [com.google.android.exoplayer:exoplayer-smoothstreaming:2.8.0] AndroidManifest.xml:20:5-22:41
MERGED from [com.google.android.exoplayer:exoplayer-core:2.8.0] AndroidManifest.xml:20:5-22:41
MERGED from [com.google.android.exoplayer:exoplayer-core:2.8.0] AndroidManifest.xml:20:5-22:41
MERGED from [top.zibin:Luban:1.1.8] AndroidManifest.xml:7:5-9:41
MERGED from [top.zibin:Luban:1.1.8] AndroidManifest.xml:7:5-9:41
MERGED from [com.android.support:design:27.1.1] AndroidManifest.xml:20:5-44
MERGED from [com.android.support:design:27.1.1] AndroidManifest.xml:20:5-44
MERGED from [me.dm7.barcodescanner:zxing:1.9.8] AndroidManifest.xml:7:5-9:41
MERGED from [me.dm7.barcodescanner:zxing:1.9.8] AndroidManifest.xml:7:5-9:41
MERGED from [me.dm7.barcodescanner:core:1.9.8] AndroidManifest.xml:7:5-9:41
MERGED from [me.dm7.barcodescanner:core:1.9.8] AndroidManifest.xml:7:5-9:41
MERGED from [com.android.support:support-v4:27.1.1] AndroidManifest.xml:20:5-44
MERGED from [com.android.support:support-v4:27.1.1] AndroidManifest.xml:20:5-44
MERGED from [com.android.support:appcompat-v7:27.1.1] AndroidManifest.xml:20:5-44
MERGED from [com.android.support:appcompat-v7:27.1.1] AndroidManifest.xml:20:5-44
MERGED from [com.android.support:support-fragment:27.1.1] AndroidManifest.xml:20:5-44
MERGED from [com.android.support:support-fragment:27.1.1] AndroidManifest.xml:20:5-44
MERGED from [com.android.support:recyclerview-v7:27.1.1] AndroidManifest.xml:20:5-44
MERGED from [com.android.support:recyclerview-v7:27.1.1] AndroidManifest.xml:20:5-44
MERGED from [com.android.support:animated-vector-drawable:27.1.1] AndroidManifest.xml:20:5-44
MERGED from [com.android.support:animated-vector-drawable:27.1.1] AndroidManifest.xml:20:5-44
MERGED from [com.android.support:support-core-ui:27.1.1] AndroidManifest.xml:20:5-44
MERGED from [com.android.support:support-core-ui:27.1.1] AndroidManifest.xml:20:5-44
MERGED from [com.android.support:support-core-utils:27.1.1] AndroidManifest.xml:20:5-44
MERGED from [com.android.support:support-core-utils:27.1.1] AndroidManifest.xml:20:5-44
MERGED from [com.android.support:transition:27.1.1] AndroidManifest.xml:20:5-44
MERGED from [com.android.support:transition:27.1.1] AndroidManifest.xml:20:5-44
MERGED from [com.android.support:support-vector-drawable:27.1.1] AndroidManifest.xml:20:5-44
MERGED from [com.android.support:support-vector-drawable:27.1.1] AndroidManifest.xml:20:5-44
MERGED from [com.android.support:support-media-compat:27.1.1] AndroidManifest.xml:20:5-44
MERGED from [com.android.support:support-media-compat:27.1.1] AndroidManifest.xml:20:5-44
MERGED from [com.android.support:support-compat:27.1.1] AndroidManifest.xml:20:5-44
MERGED from [com.android.support:support-compat:27.1.1] AndroidManifest.xml:20:5-44
MERGED from [android.arch.lifecycle:runtime:1.1.0] AndroidManifest.xml:20:5-44
MERGED from [android.arch.lifecycle:runtime:1.1.0] AndroidManifest.xml:20:5-44
MERGED from [android.arch.lifecycle:livedata-core:1.1.0] AndroidManifest.xml:20:5-44
MERGED from [android.arch.lifecycle:livedata-core:1.1.0] AndroidManifest.xml:20:5-44
MERGED from [android.arch.lifecycle:viewmodel:1.1.0] AndroidManifest.xml:20:5-44
MERGED from [android.arch.lifecycle:viewmodel:1.1.0] AndroidManifest.xml:20:5-44
MERGED from [android.arch.core:runtime:1.1.0] AndroidManifest.xml:20:5-44
MERGED from [android.arch.core:runtime:1.1.0] AndroidManifest.xml:20:5-44
INJECTED from src/main/AndroidManifest.xml
INJECTED from src/main/AndroidManifest.xml
	android:targetSdkVersion
		INJECTED from src/main/AndroidManifest.xml
		ADDED from src/main/AndroidManifest.xml
		INJECTED from src/main/AndroidManifest.xml
	android:minSdkVersion
		INJECTED from src/main/AndroidManifest.xml
		ADDED from src/main/AndroidManifest.xml
		INJECTED from src/main/AndroidManifest.xml
activity#com.jarvan.fluwx.wxapi.WXEntryActivity
ADDED from [:fluwx] AndroidManifest.xml:12:9-15:58
	android:launchMode
		ADDED from [:fluwx] AndroidManifest.xml:14:13-43
	android:theme
		ADDED from [:fluwx] AndroidManifest.xml:15:13-55
	android:name
		ADDED from [:fluwx] AndroidManifest.xml:13:13-66
activity-alias#${applicationId}.wxapi.WXEntryActivity
ADDED from [:fluwx] AndroidManifest.xml:17:9-30:26
	android:launchMode
		ADDED from [:fluwx] AndroidManifest.xml:20:13-43
	android:exported
		ADDED from [:fluwx] AndroidManifest.xml:19:13-36
	android:targetActivity
		ADDED from [:fluwx] AndroidManifest.xml:21:13-76
	android:theme
		ADDED from [:fluwx] AndroidManifest.xml:22:13-55
	android:name
		ADDED from [:fluwx] AndroidManifest.xml:18:13-66
activity-alias#com.tfshopapp.wxapi.WXEntryActivity
ADDED from [:fluwx] AndroidManifest.xml:17:9-30:26
	android:launchMode
		ADDED from [:fluwx] AndroidManifest.xml:20:13-43
	android:exported
		ADDED from [:fluwx] AndroidManifest.xml:19:13-36
	android:targetActivity
		ADDED from [:fluwx] AndroidManifest.xml:21:13-76
	android:theme
		ADDED from [:fluwx] AndroidManifest.xml:22:13-55
	android:name
		ADDED from [:fluwx] AndroidManifest.xml:18:13-66
intent-filter#action:name:android.intent.action.VIEW+category:name:android.intent.category.DEFAULT+data:scheme:sdksample
ADDED from [:fluwx] AndroidManifest.xml:23:13-29:29
action#android.intent.action.VIEW
ADDED from [:fluwx] AndroidManifest.xml:24:17-69
	android:name
		ADDED from [:fluwx] AndroidManifest.xml:24:25-66
category#android.intent.category.DEFAULT
ADDED from [:fluwx] AndroidManifest.xml:26:17-76
	android:name
		ADDED from [:fluwx] AndroidManifest.xml:26:27-73
data
ADDED from [:fluwx] AndroidManifest.xml:28:17-52
	android:scheme
		ADDED from [:fluwx] AndroidManifest.xml:28:23-49
activity#com.jarvan.fluwx.wxapi.WXPayEntryActivity
ADDED from [:fluwx] AndroidManifest.xml:32:9-35:58
	android:launchMode
		ADDED from [:fluwx] AndroidManifest.xml:34:13-43
	android:theme
		ADDED from [:fluwx] AndroidManifest.xml:35:13-55
	android:name
		ADDED from [:fluwx] AndroidManifest.xml:33:13-69
activity-alias#${applicationId}.wxapi.WXPayEntryActivity
ADDED from [:fluwx] AndroidManifest.xml:37:9-50:26
	android:launchMode
		ADDED from [:fluwx] AndroidManifest.xml:40:13-43
	android:exported
		ADDED from [:fluwx] AndroidManifest.xml:39:13-36
	android:targetActivity
		ADDED from [:fluwx] AndroidManifest.xml:41:13-79
	android:theme
		ADDED from [:fluwx] AndroidManifest.xml:42:13-55
	android:name
		ADDED from [:fluwx] AndroidManifest.xml:38:13-69
activity-alias#com.tfshopapp.wxapi.WXPayEntryActivity
ADDED from [:fluwx] AndroidManifest.xml:37:9-50:26
	android:launchMode
		ADDED from [:fluwx] AndroidManifest.xml:40:13-43
	android:exported
		ADDED from [:fluwx] AndroidManifest.xml:39:13-36
	android:targetActivity
		ADDED from [:fluwx] AndroidManifest.xml:41:13-79
	android:theme
		ADDED from [:fluwx] AndroidManifest.xml:42:13-55
	android:name
		ADDED from [:fluwx] AndroidManifest.xml:38:13-69
uses-permission#android.permission.READ_EXTERNAL_STORAGE
ADDED from [:image_picker] AndroidManifest.xml:7:5-80
	android:name
		ADDED from [:image_picker] AndroidManifest.xml:7:22-77
provider#io.flutter.plugins.imagepicker.ImagePickerFileProvider
ADDED from [:image_picker] AndroidManifest.xml:12:9-20:20
	android:grantUriPermissions
		ADDED from [:image_picker] AndroidManifest.xml:16:13-47
	android:authorities
		ADDED from [:image_picker] AndroidManifest.xml:14:13-74
	android:exported
		ADDED from [:image_picker] AndroidManifest.xml:15:13-37
	android:name
		ADDED from [:image_picker] AndroidManifest.xml:13:13-82
meta-data#android.support.FILE_PROVIDER_PATHS
ADDED from [:image_picker] AndroidManifest.xml:17:13-19:75
	android:resource
		ADDED from [:image_picker] AndroidManifest.xml:19:17-72
	android:name
		ADDED from [:image_picker] AndroidManifest.xml:18:17-67